2017-04-17 14:24:54 [127.0.0.1][-][-][error][yii\base\InvalidConfigException] exception 'yii\base\InvalidConfigException' with message 'yii\web\Request::cookieValidationKey must be configured with a secret key.' in C:\Projects\yii2-otp-demo\vendor\yiisoft\yii2\web\Request.php:1279
Stack trace:
#0 C:\Projects\yii2-otp-demo\vendor\yiisoft\yii2\web\Request.php(1261): yii\web\Request->loadCookies()
#1 C:\Projects\yii2-otp-demo\vendor\yiisoft\yii2\web\Request.php(1346): yii\web\Request->getCookies()
#2 C:\Projects\yii2-otp-demo\vendor\yiisoft\yii2\web\Request.php(1325): yii\web\Request->loadCsrfToken()
#3 C:\Projects\yii2-otp-demo\vendor\yiisoft\yii2\helpers\BaseHtml.php(295): yii\web\Request->getCsrfToken()
#4 C:\Projects\yii2-otp-demo\views\layouts\main.php(20): yii\helpers\BaseHtml::csrfMetaTags()
#5 C:\Projects\yii2-otp-demo\vendor\yiisoft\yii2\base\View.php(328): require('C:\\Projects\\yii...')
#6 C:\Projects\yii2-otp-demo\vendor\yiisoft\yii2\base\View.php(250): yii\base\View->renderPhpFile('C:\\Projects\\yii...', Array)
#7 C:\Projects\yii2-otp-demo\vendor\yiisoft\yii2\base\Controller.php(396): yii\base\View->renderFile('C:\\Projects\\yii...', Array, Object(app\controllers\SiteController))
#8 C:\Projects\yii2-otp-demo\vendor\yiisoft\yii2\base\Controller.php(382): yii\base\Controller->renderContent('<div class="sit...')
#9 C:\Projects\yii2-otp-demo\controllers\SiteController.php(63): yii\base\Controller->render('index')
#10 [internal function]: app\controllers\SiteController->actionIndex()
#11 C:\Projects\yii2-otp-demo\vendor\yiisoft\yii2\base\InlineAction.php(57): call_user_func_array(Array, Array)
#12 C:\Projects\yii2-otp-demo\vendor\yiisoft\yii2\base\Controller.php(156): yii\base\InlineAction->runWithParams(Array)
#13 C:\Projects\yii2-otp-demo\vendor\yiisoft\yii2\base\Module.php(523): yii\base\Controller->runAction('', Array)
#14 C:\Projects\yii2-otp-demo\vendor\yiisoft\yii2\web\Application.php(102): yii\base\Module->runAction('', Array)
#15 C:\Projects\yii2-otp-demo\vendor\yiisoft\yii2\base\Application.php(380): yii\web\Application->handleRequest(Object(yii\web\Request))
#16 C:\Projects\yii2-otp-demo\web\index.php(12): yii\base\Application->run()
#17 {main}
2017-04-17 14:24:54 [127.0.0.1][-][-][info][application] $_SERVER = [
    'HTTP_HOST' => 'yii2otp.dev'
    'HTTP_CONNECTION' => 'keep-alive'
    'HTTP_CACHE_CONTROL' => 'max-age=0'
    'HTTP_UPGRADE_INSECURE_REQUESTS' => '1'
    'HTTP_USER_AGENT' => 'Mozilla/5.0 (Windows NT 6.1; WOW64) AppleWebKit/537.36 (KHTML, like Gecko) Chrome/57.0.2987.110 Safari/537.36'
    'HTTP_ACCEPT' => 'text/html,application/xhtml+xml,application/xml;q=0.9,image/webp,*/*;q=0.8'
    'HTTP_ACCEPT_ENCODING' => 'gzip, deflate, sdch'
    'HTTP_ACCEPT_LANGUAGE' => 'uk,en-US;q=0.8,en;q=0.6'
    'PATH' => 'c:\\webserver5.2.2\\openserver\\modules\\php\\PHP-5.6\\ext;c:\\webserver5.2.2\\openserver\\modules\\php\\PHP-5.6\\pear;c:\\webserver5.2.2\\openserver\\modules\\php\\PHP-5.6\\pear\\bin;c:\\webserver5.2.2\\openserver\\modules\\php\\PHP-5.6;c:\\webserver5.2.2\\openserver\\modules\\imagemagick;c:\\webserver5.2.2\\openserver\\modules\\wget\\bin;c:\\webserver5.2.2\\openserver\\modules\\git;c:\\webserver5.2.2\\openserver\\modules\\git\\bin;c:\\webserver5.2.2\\openserver\\modules\\git\\mingw\\bin;c:\\webserver5.2.2\\openserver\\modules\\git\\cmd;c:\\webserver5.2.2\\openserver\\modules\\database\\MySQL-5.5\\bin;c:\\webserver5.2.2\\openserver\\modules\\http\\Apache-2.4\\bin;c:\\webserver5.2.2\\openserver\\modules\\http\\Apache-2.4;C:\\Windows\\system32;C:\\Windows;C:\\Windows\\system32\\Wbem;C:\\Windows\\SysWOW64;C:\\Program Files (x86)\\ImageMagick-6.7.6-Q8;C:\\Program Files (x86)\\NVIDIA Corporation\\PhysX\\Common;C:\\ProgramData\\Oracle\\Java\\javapath;C:\\Program Files\\ImageMagick-6.8.9-Q16;C:\\Users\\tboiko\\bin\\Sencha\\Cmd\\4.0.2.67;C:\\Ruby200-x64\\bin;C:\\Windows\\system32;C:\\Windows;C:\\Windows\\System32\\Wbem;C:\\Windows\\System32\\WindowsPowerShell\\v1.0\\;C:\\Program Files (x86)\\Microsoft SQL Server\\100\\Tools\\Binn\\;C:\\Program Files\\Microsoft SQL Server\\100\\Tools\\Binn\\;C:\\Program Files\\Microsoft SQL Server\\100\\DTS\\Binn\\;C:\\Program Files (x86)\\Microsoft SQL Server\\100\\Tools\\Binn\\VSShell\\Common7\\IDE\\;C:\\Program Files (x86)\\Microsoft Visual Studio 9.0\\Common7\\IDE\\PrivateAssemblies\\;C:\\Program Files (x86)\\Microsoft SQL Server\\100\\DTS\\Binn\\;C:\\Program Files (x86)\\Microsoft ASP.NET\\ASP.NET Web Pages\\v1.0\\;C:\\Program Files\\Microsoft SQL Server\\110\\Tools\\Binn\\;C:\\Program Files (x86)\\ATI Technologies\\ATI.ACE\\Core-Static;C:\\Program Files\\Microsoft\\Web Platform Installer\\;C:\\Program Files (x86)\\Notepad++;C:\\strawberry\\c\\bin;C:\\strawberry\\perl\\site\\bin;C:\\strawberry\\perl\\bin;C:\\Program Files\\TortoiseSVN\\bin;C:\\Program Files\\nodejs\\;C:\\apache-ant-1.9.3\\bin;C:\\Program Files\\Java\\jdk1.7.0_45\\bin;C:\\Program Files (x86)\\apache-maven-3.2.1\\bin;C:\\Python27;C:\\Python27\\Scripts;C:\\WebServer5.2.2\\OpenServer\\modules\\php\\PHP-5.6;C:\\Program Files (x86)\\nodejs\\;C:\\WebServer5.2.2\\OpenServer\\modules\\php\\PHP-5.6\\PEAR;C:\\Program Files\\TortoiseGit\\bin;C:\\Program Files (x86)\\Skype\\Phone\\;C:\\Program Files (x86)\\GnuWin32\\bin;C:\\Program Files\\Git\\bin;C:\\Program Files\\Microsoft SQL Server\\130\\Tools\\Binn\\;C:\\Program Files (x86)\\Windows Kits\\8.1\\Windows Performance Toolkit\\;C:\\Program Files\\TortoiseHg\\;C:\\Program Files\\010 Editor;C:\\Users\\oty\\AppData\\Roaming\\npm'
    'SystemRoot' => 'C:\\Windows'
    'COMSPEC' => 'C:\\Windows\\system32\\cmd.exe'
    'PATHEXT' => '.COM;.EXE;.BAT;.CMD;.VBS;.VBE;.JS;.JSE;.WSF;.WSH;.MSC;.RB;.RBW'
    'WINDIR' => 'C:\\Windows'
    'SERVER_SIGNATURE' => ''
    'SERVER_SOFTWARE' => 'Apache/2.4.10 (Win32)'
    'SERVER_NAME' => 'yii2otp.dev'
    'SERVER_ADDR' => '127.0.0.1'
    'SERVER_PORT' => '80'
    'REMOTE_ADDR' => '127.0.0.1'
    'DOCUMENT_ROOT' => 'C:/Projects/yii2-otp-demo/web'
    'REQUEST_SCHEME' => 'http'
    'CONTEXT_PREFIX' => ''
    'CONTEXT_DOCUMENT_ROOT' => 'C:/Projects/yii2-otp-demo/web'
    'SERVER_ADMIN' => '[no address given]'
    'SCRIPT_FILENAME' => 'C:/Projects/yii2-otp-demo/web/index.php'
    'REMOTE_PORT' => '11799'
    'GATEWAY_INTERFACE' => 'CGI/1.1'
    'SERVER_PROTOCOL' => 'HTTP/1.1'
    'REQUEST_METHOD' => 'GET'
    'QUERY_STRING' => ''
    'REQUEST_URI' => '/'
    'SCRIPT_NAME' => '/index.php'
    'PHP_SELF' => '/index.php'
    'REQUEST_TIME_FLOAT' => 1492428294.19
    'REQUEST_TIME' => 1492428294
    'argv' => []
    'argc' => 0
]
2017-04-17 14:24:54 [127.0.0.1][-][-][warning][yii\log\Dispatcher::dispatch] Unable to send log via yii\debug\LogTarget: Exception (Invalid Configuration) 'yii\base\InvalidConfigException' with message 'yii\web\Request::cookieValidationKey must be configured with a secret key.' 

in C:\Projects\yii2-otp-demo\vendor\yiisoft\yii2\web\Request.php:1279

Stack trace:
#0 C:\Projects\yii2-otp-demo\vendor\yiisoft\yii2\web\Request.php(1261): yii\web\Request->loadCookies()
#1 C:\Projects\yii2-otp-demo\vendor\yiisoft\yii2\web\User.php(555): yii\web\Request->getCookies()
#2 C:\Projects\yii2-otp-demo\vendor\yiisoft\yii2\web\User.php(287): yii\web\User->getIdentityAndDurationFromCookie()
#3 C:\Projects\yii2-otp-demo\vendor\yiisoft\yii2\web\User.php(674): yii\web\User->loginByCookie()
#4 C:\Projects\yii2-otp-demo\vendor\yiisoft\yii2\web\User.php(188): yii\web\User->renewAuthStatus()
#5 C:\Projects\yii2-otp-demo\vendor\yiisoft\yii2\base\Component.php(132): yii\web\User->getIdentity()
#6 C:\Projects\yii2-otp-demo\vendor\yiisoft\yii2-debug\panels\UserPanel.php(54): yii\base\Component->__get('identity')
#7 C:\Projects\yii2-otp-demo\vendor\yiisoft\yii2-debug\LogTarget.php(54): yii\debug\panels\UserPanel->save()
#8 C:\Projects\yii2-otp-demo\vendor\yiisoft\yii2-debug\LogTarget.php(118): yii\debug\LogTarget->export()
#9 C:\Projects\yii2-otp-demo\vendor\yiisoft\yii2\log\Dispatcher.php(188): yii\debug\LogTarget->collect(Array, true)
#10 C:\Projects\yii2-otp-demo\vendor\yiisoft\yii2\log\Logger.php(177): yii\log\Dispatcher->dispatch(Array, true)
#11 C:\Projects\yii2-otp-demo\vendor\yiisoft\yii2\base\ErrorHandler.php(113): yii\log\Logger->flush(true)
#12 [internal function]: yii\base\ErrorHandler->handleException(Object(yii\base\InvalidConfigException))
#13 {main}
2017-04-17 14:24:54 [127.0.0.1][-][-][info][application] $_SERVER = [
    'HTTP_HOST' => 'yii2otp.dev'
    'HTTP_CONNECTION' => 'keep-alive'
    'HTTP_CACHE_CONTROL' => 'max-age=0'
    'HTTP_UPGRADE_INSECURE_REQUESTS' => '1'
    'HTTP_USER_AGENT' => 'Mozilla/5.0 (Windows NT 6.1; WOW64) AppleWebKit/537.36 (KHTML, like Gecko) Chrome/57.0.2987.110 Safari/537.36'
    'HTTP_ACCEPT' => 'text/html,application/xhtml+xml,application/xml;q=0.9,image/webp,*/*;q=0.8'
    'HTTP_ACCEPT_ENCODING' => 'gzip, deflate, sdch'
    'HTTP_ACCEPT_LANGUAGE' => 'uk,en-US;q=0.8,en;q=0.6'
    'PATH' => 'c:\\webserver5.2.2\\openserver\\modules\\php\\PHP-5.6\\ext;c:\\webserver5.2.2\\openserver\\modules\\php\\PHP-5.6\\pear;c:\\webserver5.2.2\\openserver\\modules\\php\\PHP-5.6\\pear\\bin;c:\\webserver5.2.2\\openserver\\modules\\php\\PHP-5.6;c:\\webserver5.2.2\\openserver\\modules\\imagemagick;c:\\webserver5.2.2\\openserver\\modules\\wget\\bin;c:\\webserver5.2.2\\openserver\\modules\\git;c:\\webserver5.2.2\\openserver\\modules\\git\\bin;c:\\webserver5.2.2\\openserver\\modules\\git\\mingw\\bin;c:\\webserver5.2.2\\openserver\\modules\\git\\cmd;c:\\webserver5.2.2\\openserver\\modules\\database\\MySQL-5.5\\bin;c:\\webserver5.2.2\\openserver\\modules\\http\\Apache-2.4\\bin;c:\\webserver5.2.2\\openserver\\modules\\http\\Apache-2.4;C:\\Windows\\system32;C:\\Windows;C:\\Windows\\system32\\Wbem;C:\\Windows\\SysWOW64;C:\\Program Files (x86)\\ImageMagick-6.7.6-Q8;C:\\Program Files (x86)\\NVIDIA Corporation\\PhysX\\Common;C:\\ProgramData\\Oracle\\Java\\javapath;C:\\Program Files\\ImageMagick-6.8.9-Q16;C:\\Users\\tboiko\\bin\\Sencha\\Cmd\\4.0.2.67;C:\\Ruby200-x64\\bin;C:\\Windows\\system32;C:\\Windows;C:\\Windows\\System32\\Wbem;C:\\Windows\\System32\\WindowsPowerShell\\v1.0\\;C:\\Program Files (x86)\\Microsoft SQL Server\\100\\Tools\\Binn\\;C:\\Program Files\\Microsoft SQL Server\\100\\Tools\\Binn\\;C:\\Program Files\\Microsoft SQL Server\\100\\DTS\\Binn\\;C:\\Program Files (x86)\\Microsoft SQL Server\\100\\Tools\\Binn\\VSShell\\Common7\\IDE\\;C:\\Program Files (x86)\\Microsoft Visual Studio 9.0\\Common7\\IDE\\PrivateAssemblies\\;C:\\Program Files (x86)\\Microsoft SQL Server\\100\\DTS\\Binn\\;C:\\Program Files (x86)\\Microsoft ASP.NET\\ASP.NET Web Pages\\v1.0\\;C:\\Program Files\\Microsoft SQL Server\\110\\Tools\\Binn\\;C:\\Program Files (x86)\\ATI Technologies\\ATI.ACE\\Core-Static;C:\\Program Files\\Microsoft\\Web Platform Installer\\;C:\\Program Files (x86)\\Notepad++;C:\\strawberry\\c\\bin;C:\\strawberry\\perl\\site\\bin;C:\\strawberry\\perl\\bin;C:\\Program Files\\TortoiseSVN\\bin;C:\\Program Files\\nodejs\\;C:\\apache-ant-1.9.3\\bin;C:\\Program Files\\Java\\jdk1.7.0_45\\bin;C:\\Program Files (x86)\\apache-maven-3.2.1\\bin;C:\\Python27;C:\\Python27\\Scripts;C:\\WebServer5.2.2\\OpenServer\\modules\\php\\PHP-5.6;C:\\Program Files (x86)\\nodejs\\;C:\\WebServer5.2.2\\OpenServer\\modules\\php\\PHP-5.6\\PEAR;C:\\Program Files\\TortoiseGit\\bin;C:\\Program Files (x86)\\Skype\\Phone\\;C:\\Program Files (x86)\\GnuWin32\\bin;C:\\Program Files\\Git\\bin;C:\\Program Files\\Microsoft SQL Server\\130\\Tools\\Binn\\;C:\\Program Files (x86)\\Windows Kits\\8.1\\Windows Performance Toolkit\\;C:\\Program Files\\TortoiseHg\\;C:\\Program Files\\010 Editor;C:\\Users\\oty\\AppData\\Roaming\\npm'
    'SystemRoot' => 'C:\\Windows'
    'COMSPEC' => 'C:\\Windows\\system32\\cmd.exe'
    'PATHEXT' => '.COM;.EXE;.BAT;.CMD;.VBS;.VBE;.JS;.JSE;.WSF;.WSH;.MSC;.RB;.RBW'
    'WINDIR' => 'C:\\Windows'
    'SERVER_SIGNATURE' => ''
    'SERVER_SOFTWARE' => 'Apache/2.4.10 (Win32)'
    'SERVER_NAME' => 'yii2otp.dev'
    'SERVER_ADDR' => '127.0.0.1'
    'SERVER_PORT' => '80'
    'REMOTE_ADDR' => '127.0.0.1'
    'DOCUMENT_ROOT' => 'C:/Projects/yii2-otp-demo/web'
    'REQUEST_SCHEME' => 'http'
    'CONTEXT_PREFIX' => ''
    'CONTEXT_DOCUMENT_ROOT' => 'C:/Projects/yii2-otp-demo/web'
    'SERVER_ADMIN' => '[no address given]'
    'SCRIPT_FILENAME' => 'C:/Projects/yii2-otp-demo/web/index.php'
    'REMOTE_PORT' => '11799'
    'GATEWAY_INTERFACE' => 'CGI/1.1'
    'SERVER_PROTOCOL' => 'HTTP/1.1'
    'REQUEST_METHOD' => 'GET'
    'QUERY_STRING' => ''
    'REQUEST_URI' => '/'
    'SCRIPT_NAME' => '/index.php'
    'PHP_SELF' => '/index.php'
    'REQUEST_TIME_FLOAT' => 1492428294.19
    'REQUEST_TIME' => 1492428294
    'argv' => []
    'argc' => 0
]
